[2018-07-09 00:10:29.312] [exthost1] [info] extension host started
[2018-07-09 00:10:29.329] [exthost1] [info] ExtensionService#_doActivateExtension vscode.emmet {"startup":true,"activationEvent":"*"}
[2018-07-09 00:10:29.329] [exthost1] [info] ExtensionService#loadCommonJSModule /opt/visual-studio-code/resources/app/extensions/emmet/out/extension
[2018-07-09 00:10:29.382] [exthost1] [info] ExtensionService#_doActivateExtension vscode.git {"startup":true,"activationEvent":"*"}
[2018-07-09 00:10:29.382] [exthost1] [info] ExtensionService#loadCommonJSModule /opt/visual-studio-code/resources/app/extensions/git/out/main
[2018-07-09 00:10:29.529] [exthost1] [info] ExtensionService#_doActivateExtension vscode.merge-conflict {"startup":true,"activationEvent":"*"}
[2018-07-09 00:10:29.529] [exthost1] [info] ExtensionService#loadCommonJSModule /opt/visual-studio-code/resources/app/extensions/merge-conflict/out/extension
[2018-07-09 00:10:29.539] [exthost1] [info] ExtensionService#_doActivateExtension vscode.search-rg {"startup":true,"activationEvent":"*"}
[2018-07-09 00:10:29.539] [exthost1] [info] ExtensionService#loadCommonJSModule /opt/visual-studio-code/resources/app/extensions/search-rg/out/extension
[2018-07-09 00:10:29.544] [exthost1] [info] eager extensions activated
[2018-07-09 00:11:43.382] [exthost1] [info] extension host started
[2018-07-09 00:11:43.402] [exthost1] [info] ExtensionService#_doActivateExtension vscode.emmet {"startup":true,"activationEvent":"*"}
[2018-07-09 00:11:43.402] [exthost1] [info] ExtensionService#loadCommonJSModule /opt/visual-studio-code/resources/app/extensions/emmet/out/extension
[2018-07-09 00:11:43.455] [exthost1] [info] ExtensionService#_doActivateExtension vscode.git {"startup":true,"activationEvent":"*"}
[2018-07-09 00:11:43.456] [exthost1] [info] ExtensionService#loadCommonJSModule /opt/visual-studio-code/resources/app/extensions/git/out/main
[2018-07-09 00:11:43.613] [exthost1] [info] ExtensionService#_doActivateExtension vscode.merge-conflict {"startup":true,"activationEvent":"*"}
[2018-07-09 00:11:43.613] [exthost1] [info] ExtensionService#loadCommonJSModule /opt/visual-studio-code/resources/app/extensions/merge-conflict/out/extension
[2018-07-09 00:11:43.624] [exthost1] [info] ExtensionService#_doActivateExtension vscode.search-rg {"startup":true,"activationEvent":"*"}
[2018-07-09 00:11:43.624] [exthost1] [info] ExtensionService#loadCommonJSModule /opt/visual-studio-code/resources/app/extensions/search-rg/out/extension
[2018-07-09 00:11:43.630] [exthost1] [info] ExtensionService#_doActivateExtension Equinusocio.vsc-material-theme {"startup":true,"activationEvent":"*"}
[2018-07-09 00:11:43.630] [exthost1] [info] ExtensionService#loadCommonJSModule /home/alex/.vscode/extensions/equinusocio.vsc-material-theme-2.3.0/extensions/material.theme.config.js
[2018-07-09 00:11:43.639] [exthost1] [info] ExtensionService#_doActivateExtension vscodevim.vim {"startup":true,"activationEvent":"*"}
[2018-07-09 00:11:43.639] [exthost1] [info] ExtensionService#loadCommonJSModule /home/alex/.vscode/extensions/vscodevim.vim-0.14.2/out/extension
[2018-07-09 00:11:44.013] [exthost1] [info] eager extensions activated
[2018-07-09 00:12:27.768] [exthost1] [info] extension host started
[2018-07-09 00:12:27.793] [exthost1] [info] ExtensionService#_doActivateExtension vscode.emmet {"startup":true,"activationEvent":"*"}
[2018-07-09 00:12:27.793] [exthost1] [info] ExtensionService#loadCommonJSModule /opt/visual-studio-code/resources/app/extensions/emmet/out/extension
[2018-07-09 00:12:27.842] [exthost1] [info] ExtensionService#_doActivateExtension vscode.git {"startup":true,"activationEvent":"*"}
[2018-07-09 00:12:27.842] [exthost1] [info] ExtensionService#loadCommonJSModule /opt/visual-studio-code/resources/app/extensions/git/out/main
[2018-07-09 00:12:27.981] [exthost1] [info] ExtensionService#_doActivateExtension vscode.merge-conflict {"startup":true,"activationEvent":"*"}
[2018-07-09 00:12:27.981] [exthost1] [info] ExtensionService#loadCommonJSModule /opt/visual-studio-code/resources/app/extensions/merge-conflict/out/extension
[2018-07-09 00:12:27.990] [exthost1] [info] ExtensionService#_doActivateExtension vscode.search-rg {"startup":true,"activationEvent":"*"}
[2018-07-09 00:12:27.990] [exthost1] [info] ExtensionService#loadCommonJSModule /opt/visual-studio-code/resources/app/extensions/search-rg/out/extension
[2018-07-09 00:12:27.995] [exthost1] [info] ExtensionService#_doActivateExtension Equinusocio.vsc-material-theme {"startup":true,"activationEvent":"*"}
[2018-07-09 00:12:27.995] [exthost1] [info] ExtensionService#loadCommonJSModule /home/alex/.vscode/extensions/equinusocio.vsc-material-theme-2.3.0/extensions/material.theme.config.js
[2018-07-09 00:12:28.002] [exthost1] [info] ExtensionService#_doActivateExtension vscodevim.vim {"startup":true,"activationEvent":"*"}
[2018-07-09 00:12:28.002] [exthost1] [info] ExtensionService#loadCommonJSModule /home/alex/.vscode/extensions/vscodevim.vim-0.14.2/out/extension
[2018-07-09 00:12:28.349] [exthost1] [info] eager extensions activated
[2018-07-09 00:13:24.554] [exthost1] [info] ExtensionService#_doActivateExtension vscode.configuration-editing {"startup":false,"activationEvent":"onLanguage:jsonc"}
[2018-07-09 00:13:24.554] [exthost1] [info] ExtensionService#loadCommonJSModule /opt/visual-studio-code/resources/app/extensions/configuration-editing/out/extension
[2018-07-09 00:13:24.566] [exthost1] [info] ExtensionService#_doActivateExtension vscode.json-language-features {"startup":false,"activationEvent":"onLanguage:jsonc"}
[2018-07-09 00:13:24.566] [exthost1] [info] ExtensionService#loadCommonJSModule /opt/visual-studio-code/resources/app/extensions/json-language-features/client/out/jsonMain
[2018-07-09 00:13:28.879] [exthost1] [info] ExtensionService#_doActivateExtension vscode.python {"startup":false,"activationEvent":"onLanguage:python"}
[2018-07-09 00:13:28.879] [exthost1] [info] ExtensionService#loadCommonJSModule /opt/visual-studio-code/resources/app/extensions/python/out/pythonMain
[2018-07-09 00:13:28.880] [exthost1] [info] ExtensionService#_doActivateExtension ms-python.python {"startup":false,"activationEvent":"onLanguage:python"}
[2018-07-09 00:13:28.880] [exthost1] [info] ExtensionService#loadCommonJSModule /home/alex/.vscode/extensions/ms-python.python-2018.6.0/out/client/extension
[2018-07-09 00:15:59.425] [exthost1] [info] ExtensionService#_doActivateExtension formulahendry.code-runner {"startup":false,"activationEvent":"onCommand:code-runner.run"}
[2018-07-09 00:15:59.426] [exthost1] [info] ExtensionService#loadCommonJSModule /home/alex/.vscode/extensions/formulahendry.code-runner-0.9.3/out/src/extension
