[2018-07-09 00:10:30.668] [sharedprocess] [info] main {"machineId":"f2823b6a4fe6835e280494d7450ce0870589ae9e2da28a11a3b0ed85e2df0661"}
[2018-07-09 00:10:30.702] [sharedprocess] [info] Scanned user extensions: 0
[2018-07-09 00:10:30.715] [sharedprocess] [info] Scanned user extensions: 0
[2018-07-09 00:10:30.736] [sharedprocess] [info] Scanned user extensions: 0
[2018-07-09 00:10:30.742] [sharedprocess] [info] Scanned user extensions: 0
[2018-07-09 00:10:30.754] [sharedprocess] [info] Scanned user extensions: 0
[2018-07-09 00:10:30.815] [sharedprocess] [info] Scanned system extensions: 70
[2018-07-09 00:10:30.821] [sharedprocess] [info] Scanned system extensions: 70
[2018-07-09 00:10:30.823] [sharedprocess] [info] Scanned system extensions: 70
[2018-07-09 00:10:30.825] [sharedprocess] [info] Scanned system extensions: 70
[2018-07-09 00:10:32.073] [sharedprocess] [info] Scanned user extensions: 0
[2018-07-09 00:10:51.260] [sharedprocess] [info] Scanned user extensions: 0
[2018-07-09 00:10:51.262] [sharedprocess] [info] Scanned user extensions: 0
[2018-07-09 00:10:51.263] [sharedprocess] [info] Scanned user extensions: 0
[2018-07-09 00:10:51.306] [sharedprocess] [info] Scanned user extensions: 0
[2018-07-09 00:10:51.332] [sharedprocess] [info] Scanned system extensions: 70
[2018-07-09 00:10:51.334] [sharedprocess] [info] Scanned system extensions: 70
[2018-07-09 00:10:51.353] [sharedprocess] [info] Scanned system extensions: 70
[2018-07-09 00:11:01.119] [sharedprocess] [info] Installing extension: vsc-material-theme
[2018-07-09 00:11:01.121] [sharedprocess] [info] Scanned user extensions: 0
[2018-07-09 00:11:02.664] [sharedprocess] [info] Downloaded extension: vsc-material-theme
[2018-07-09 00:11:05.997] [sharedprocess] [info] Extracted extension to /home/alex/.vscode/extensions/.equinusocio.vsc-material-theme-2.3.0: equinusocio.vsc-material-theme-2.3.0
[2018-07-09 00:11:05.997] [sharedprocess] [info] Renamed to /home/alex/.vscode/extensions/equinusocio.vsc-material-theme-2.3.0
[2018-07-09 00:11:05.997] [sharedprocess] [info] Installation completed. equinusocio.vsc-material-theme-2.3.0
[2018-07-09 00:11:06.011] [sharedprocess] [info] Extensions installed successfully: equinusocio.vsc-material-theme
[2018-07-09 00:11:06.168] [sharedprocess] [info] Scanned user extensions: 1
[2018-07-09 00:11:06.210] [sharedprocess] [info] Scanned system extensions: 70
[2018-07-09 00:11:09.280] [sharedprocess] [info] Installing extension: vim
[2018-07-09 00:11:09.285] [sharedprocess] [info] Scanned user extensions: 1
[2018-07-09 00:11:10.305] [sharedprocess] [info] Downloaded extension: vim
[2018-07-09 00:11:10.673] [sharedprocess] [info] Starting to clean up unused language packs.
[2018-07-09 00:11:11.940] [sharedprocess] [info] Extracted extension to /home/alex/.vscode/extensions/.vscodevim.vim-0.14.2: vscodevim.vim-0.14.2
[2018-07-09 00:11:11.940] [sharedprocess] [info] Renamed to /home/alex/.vscode/extensions/vscodevim.vim-0.14.2
[2018-07-09 00:11:11.940] [sharedprocess] [info] Installation completed. vscodevim.vim-0.14.2
[2018-07-09 00:11:11.946] [sharedprocess] [info] Extensions installed successfully: vscodevim.vim
[2018-07-09 00:11:12.090] [sharedprocess] [info] Scanned user extensions: 2
[2018-07-09 00:11:12.091] [sharedprocess] [info] Scanned user extensions: 2
[2018-07-09 00:11:12.149] [sharedprocess] [info] Scanned system extensions: 70
[2018-07-09 00:11:12.151] [sharedprocess] [info] Scanned system extensions: 70
[2018-07-09 00:11:20.171] [sharedprocess] [info] Installing extension: python
[2018-07-09 00:11:20.179] [sharedprocess] [info] Scanned user extensions: 2
[2018-07-09 00:11:22.476] [sharedprocess] [info] Downloaded extension: python
[2018-07-09 00:11:26.393] [sharedprocess] [info] Extracted extension to /home/alex/.vscode/extensions/.ms-python.python-2018.6.0: ms-python.python-2018.6.0
[2018-07-09 00:11:26.393] [sharedprocess] [info] Renamed to /home/alex/.vscode/extensions/ms-python.python-2018.6.0
[2018-07-09 00:11:26.393] [sharedprocess] [info] Installation completed. ms-python.python-2018.6.0
[2018-07-09 00:11:26.413] [sharedprocess] [info] Extensions installed successfully: ms-python.python
[2018-07-09 00:11:26.573] [sharedprocess] [info] Scanned user extensions: 3
[2018-07-09 00:11:26.580] [sharedprocess] [info] Scanned user extensions: 3
[2018-07-09 00:11:26.617] [sharedprocess] [info] Scanned system extensions: 70
[2018-07-09 00:11:26.619] [sharedprocess] [info] Scanned system extensions: 70
[2018-07-09 00:11:38.854] [sharedprocess] [info] Installing extension: code-runner
[2018-07-09 00:11:38.864] [sharedprocess] [info] Scanned user extensions: 3
[2018-07-09 00:11:39.949] [sharedprocess] [info] Downloaded extension: code-runner
[2018-07-09 00:11:40.093] [sharedprocess] [info] Extracted extension to /home/alex/.vscode/extensions/.formulahendry.code-runner-0.9.3: formulahendry.code-runner-0.9.3
[2018-07-09 00:11:40.093] [sharedprocess] [info] Renamed to /home/alex/.vscode/extensions/formulahendry.code-runner-0.9.3
[2018-07-09 00:11:40.093] [sharedprocess] [info] Installation completed. formulahendry.code-runner-0.9.3
[2018-07-09 00:11:40.098] [sharedprocess] [info] Extensions installed successfully: formulahendry.code-runner
[2018-07-09 00:11:40.243] [sharedprocess] [info] Scanned user extensions: 4
[2018-07-09 00:11:40.280] [sharedprocess] [info] Scanned system extensions: 70
[2018-07-09 00:11:42.897] [sharedprocess] [info] Scanned user extensions: 4
[2018-07-09 00:11:42.906] [sharedprocess] [info] Scanned user extensions: 4
[2018-07-09 00:11:42.908] [sharedprocess] [info] Scanned user extensions: 4
[2018-07-09 00:11:42.921] [sharedprocess] [info] Scanned user extensions: 4
[2018-07-09 00:11:42.922] [sharedprocess] [info] Scanned user extensions: 4
[2018-07-09 00:11:42.930] [sharedprocess] [info] Scanned user extensions: 4
[2018-07-09 00:11:42.982] [sharedprocess] [info] Scanned system extensions: 70
[2018-07-09 00:11:42.986] [sharedprocess] [info] Scanned system extensions: 70
[2018-07-09 00:11:42.989] [sharedprocess] [info] Scanned system extensions: 70
[2018-07-09 00:11:42.993] [sharedprocess] [info] Scanned system extensions: 70
[2018-07-09 00:11:46.018] [sharedprocess] [info] Scanned user extensions: 4
[2018-07-09 00:12:27.501] [sharedprocess] [info] Scanned user extensions: 4
[2018-07-09 00:12:27.506] [sharedprocess] [info] Scanned user extensions: 4
[2018-07-09 00:12:27.510] [sharedprocess] [info] Scanned user extensions: 4
[2018-07-09 00:12:27.552] [sharedprocess] [info] Scanned system extensions: 70
[2018-07-09 00:12:27.558] [sharedprocess] [info] Scanned system extensions: 70
[2018-07-09 00:13:23.401] [sharedprocess] [info] Scanned user extensions: 4
[2018-07-09 00:13:28.884] [sharedprocess] [info] Scanned user extensions: 4
[2018-07-09 00:18:23.420] [sharedprocess] [info] Scanned user extensions: 4
