[2018-07-09 17:59:12.805] [exthost1] [info] extension host started
[2018-07-09 17:59:12.824] [exthost1] [info] ExtensionService#_doActivateExtension vscode.emmet {"startup":true,"activationEvent":"*"}
[2018-07-09 17:59:12.824] [exthost1] [info] ExtensionService#loadCommonJSModule /opt/visual-studio-code/resources/app/extensions/emmet/out/extension
[2018-07-09 17:59:12.877] [exthost1] [info] ExtensionService#_doActivateExtension vscode.git {"startup":true,"activationEvent":"*"}
[2018-07-09 17:59:12.877] [exthost1] [info] ExtensionService#loadCommonJSModule /opt/visual-studio-code/resources/app/extensions/git/out/main
[2018-07-09 17:59:13.028] [exthost1] [info] ExtensionService#_doActivateExtension vscode.merge-conflict {"startup":true,"activationEvent":"*"}
[2018-07-09 17:59:13.028] [exthost1] [info] ExtensionService#loadCommonJSModule /opt/visual-studio-code/resources/app/extensions/merge-conflict/out/extension
[2018-07-09 17:59:13.038] [exthost1] [info] ExtensionService#_doActivateExtension vscode.search-rg {"startup":true,"activationEvent":"*"}
[2018-07-09 17:59:13.038] [exthost1] [info] ExtensionService#loadCommonJSModule /opt/visual-studio-code/resources/app/extensions/search-rg/out/extension
[2018-07-09 17:59:13.042] [exthost1] [info] ExtensionService#_doActivateExtension vscodevim.vim {"startup":true,"activationEvent":"*"}
[2018-07-09 17:59:13.042] [exthost1] [info] ExtensionService#loadCommonJSModule /home/alex/.vscode/extensions/vscodevim.vim-0.14.2/out/extension
[2018-07-09 17:59:13.382] [exthost1] [info] eager extensions activated
[2018-07-09 17:59:13.385] [exthost1] [info] ExtensionService#_doActivateExtension vscode.python {"startup":false,"activationEvent":"onLanguage:python"}
[2018-07-09 17:59:13.385] [exthost1] [info] ExtensionService#loadCommonJSModule /opt/visual-studio-code/resources/app/extensions/python/out/pythonMain
[2018-07-09 17:59:13.385] [exthost1] [info] ExtensionService#_doActivateExtension ms-python.python {"startup":false,"activationEvent":"onLanguage:python"}
[2018-07-09 17:59:13.385] [exthost1] [info] ExtensionService#loadCommonJSModule /home/alex/.vscode/extensions/ms-python.python-2018.6.0/out/client/extension
[2018-07-09 17:59:44.015] [exthost1] [info] ExtensionService#_doActivateExtension formulahendry.code-runner {"startup":false,"activationEvent":"onCommand:code-runner.run"}
[2018-07-09 17:59:44.015] [exthost1] [info] ExtensionService#loadCommonJSModule /home/alex/.vscode/extensions/formulahendry.code-runner-0.9.3/out/src/extension
[2018-07-09 17:59:48.252] [exthost1] [info] ExtensionService#_doActivateExtension vscode.html-language-features {"startup":false,"activationEvent":"onLanguage:html"}
[2018-07-09 17:59:48.252] [exthost1] [info] ExtensionService#loadCommonJSModule /opt/visual-studio-code/resources/app/extensions/html-language-features/client/out/htmlMain
